{
  "RSpec": {
    "coverage": {
      "/Users/lporras/apps/Continnum/importr/spec/dummy/config/environment.rb": [
        null,
        null,
        1,
        null,
        null,
        1
      ],
      "/Users/lporras/apps/Continnum/importr/spec/dummy/config/application.rb": [
        1,
        null,
        1,
        null,
        1,
        1,
        1,
        null,
        1,
        1,
        null,
        null,
        null,
        null,
        null,
        null,
        null,
        null,
        null,
        null,
        null,
        null,
        null,
        null
      ],
      "/Users/lporras/apps/Continnum/importr/spec/dummy/config/boot.rb": [
        null,
        1,
        1,
        null,
        1,
        1,
        1,
        1,
        null,
        null,
        1
      ],
      "/Users/lporras/apps/Continnum/importr/lib/importr/version.rb": [
        1,
        1,
        null
      ],
      "/Users/lporras/apps/Continnum/importr/lib/importr.rb": [
        1,
        1,
        null,
        1,
        1,
        1,
        1,
        1,
        1,
        null,
        null
      ],
      "/Users/lporras/apps/Continnum/importr/lib/importr/engine.rb": [
        null,
        1,
        1,
        null,
        1,
        1,
        1,
        null,
        null,
        1,
        null,
        null,
        1,
        1,
        null,
        null,
        null,
        null,
        null
      ],
      "/Users/lporras/apps/Continnum/importr/spec/dummy/config/environments/test.rb": [
        1,
        null,
        null,
        null,
        null,
        null,
        null,
        1,
        null,
        null,
        null,
        null,
        1,
        null,
        null,
        1,
        1,
        null,
        null,
        1,
        1,
        null,
        null,
        1,
        null,
        null,
        1,
        null,
        null,
        null,
        null,
        1,
        null,
        null,
        1,
        null
      ],
      "/Users/lporras/apps/Continnum/importr/spec/dummy/config/initializers/backtrace_silencers.rb": [
        null,
        null,
        null,
        null,
        null,
        null,
        null,
        null
      ],
      "/Users/lporras/apps/Continnum/importr/spec/dummy/config/initializers/importr.rb": [
        null,
        1,
        null,
        null
      ],
      "/Users/lporras/apps/Continnum/importr/lib/importr/config.rb": [
        1,
        null,
        1,
        1,
        null,
        1,
        2,
        null,
        null,
        1,
        null,
        null,
        null,
        null,
        null,
        null
      ],
      "/Users/lporras/apps/Continnum/importr/spec/dummy/config/initializers/inflections.rb": [
        null,
        null,
        null,
        null,
        null,
        null,
        null,
        null,
        null,
        null,
        null,
        null,
        null,
        null,
        null,
        null
      ],
      "/Users/lporras/apps/Continnum/importr/spec/dummy/config/initializers/mime_types.rb": [
        null,
        null,
        null,
        null,
        null,
        null
      ],
      "/Users/lporras/apps/Continnum/importr/spec/dummy/config/initializers/secret_token.rb": [
        null,
        null,
        null,
        null,
        null,
        null,
        null,
        1
      ],
      "/Users/lporras/apps/Continnum/importr/spec/dummy/config/initializers/session_store.rb": [
        null,
        null,
        null,
        1,
        null,
        null,
        null,
        null,
        null
      ],
      "/Users/lporras/apps/Continnum/importr/spec/dummy/config/initializers/wrap_parameters.rb": [
        null,
        null,
        null,
        null,
        null,
        null,
        null,
        1,
        1,
        null,
        null,
        null,
        1,
        1,
        null
      ],
      "/Users/lporras/apps/Continnum/importr/spec/dummy/config/routes.rb": [
        null,
        1,
        null,
        null,
        1,
        null,
        null
      ],
      "/Users/lporras/apps/Continnum/importr/config/routes.rb": [
        1,
        null
      ],
      "/Users/lporras/apps/Continnum/importr/spec/dummy/app/helpers/application_helper.rb": [
        null,
        1,
        null
      ],
      "/Users/lporras/apps/Continnum/importr/spec/factories/general_models.rb": [
        null,
        1,
        1,
        1,
        1,
        1,
        null,
        null
      ],
      "/Users/lporras/apps/Continnum/importr/spec/factories/importr_data_imports.rb": [
        1,
        1,
        1,
        1,
        null,
        null,
        null,
        null,
        null,
        null,
        null
      ],
      "/Users/lporras/apps/Continnum/importr/spec/factories/users.rb": [
        null,
        null,
        1,
        1,
        1,
        1,
        1,
        null,
        null
      ],
      "/Users/lporras/apps/Continnum/importr/spec/support/schema.rb": [
        1,
        1,
        null,
        1,
        null,
        1,
        null,
        1,
        1,
        1,
        1,
        1,
        1,
        null,
        1,
        1,
        1,
        1,
        1,
        1,
        null,
        null,
        1,
        1,
        1,
        1,
        1,
        1,
        1,
        1,
        1,
        1,
        1,
        1,
        1,
        null,
        null,
        null,
        null
      ],
      "/Users/lporras/apps/Continnum/importr/spec/support/models.rb": [
        null,
        null,
        1,
        1,
        1,
        1,
        null,
        null,
        1,
        1,
        null,
        null,
        1,
        1,
        null,
        1,
        1,
        1,
        null,
        null,
        null
      ],
      "/Users/lporras/apps/Continnum/importr/lib/importr/importer.rb": [
        null,
        null,
        1,
        1,
        1,
        null,
        null,
        5,
        null,
        5,
        0,
        null,
        null,
        null,
        1,
        null,
        1,
        12,
        12,
        null,
        null,
        1,
        3,
        3,
        null,
        null,
        1,
        0,
        null,
        null,
        1,
        0,
        null,
        null,
        1,
        5,
        null,
        null,
        1,
        null,
        1,
        15,
        15,
        null,
        null,
        1,
        15,
        null,
        null,
        null,
        null,
        null,
        15,
        15,
        15,
        null,
        null,
        null,
        1,
        3,
        null,
        null,
        null
      ],
      "/Users/lporras/apps/Continnum/importr/spec/lib/importer_spec.rb": [
        1,
        1,
        1,
        null,
        1,
        null,
        1,
        0,
        0,
        0,
        0,
        null,
        null,
        null,
        1,
        0,
        0,
        0,
        null,
        0,
        0,
        0,
        null,
        null,
        null,
        1,
        1,
        1,
        null,
        null
      ],
      "/Users/lporras/apps/Continnum/importr/spec/stubs/some_websocket_wrapper.rb": [
        1,
        1,
        15,
        null,
        null
      ],
      "/Users/lporras/apps/Continnum/importr/spec/models/general_model_spec.rb": [
        1,
        null,
        null,
        1,
        2,
        null,
        null
      ],
      "/Users/lporras/apps/Continnum/importr/spec/models/importr/data_import_spec.rb": [
        1,
        null,
        1,
        1,
        null,
        3,
        null,
        1,
        2,
        null,
        null,
        1,
        5,
        null,
        null,
        1,
        1,
        null,
        null,
        1,
        1,
        null,
        null,
        1,
        null,
        1,
        2,
        2,
        2,
        2,
        null,
        null,
        1,
        1,
        1,
        null,
        null,
        1,
        4,
        null,
        null,
        null,
        1,
        null,
        1,
        3,
        3,
        3,
        3,
        null,
        null,
        1,
        1,
        1,
        null,
        null,
        1,
        4,
        null,
        null,
        1,
        1,
        1,
        1,
        null,
        null,
        null,
        null,
        null,
        null,
        null
      ],
      "/Users/lporras/apps/Continnum/importr/app/models/importr/data_import.rb": [
        1,
        1,
        1,
        1,
        1,
        null,
        1,
        null,
        0,
        null,
        null,
        1,
        1,
        null,
        null,
        1,
        0,
        null,
        null,
        1,
        0,
        null,
        null,
        1,
        0,
        0,
        null,
        0,
        null,
        null,
        null,
        1,
        5,
        null,
        null,
        1,
        5,
        null,
        null,
        1,
        5,
        null,
        null,
        null
      ],
      "/Users/lporras/apps/Continnum/importr/app/uploaders/importr/uploader.rb": [
        null,
        1,
        1,
        1,
        1,
        null,
        1,
        10,
        null,
        null,
        1,
        5,
        null,
        null,
        null
      ],
      "/Users/lporras/apps/Continnum/importr/spec/models/user_spec.rb": [
        1,
        null,
        null,
        1,
        2,
        null,
        null
      ],
      "/Users/lporras/apps/Continnum/importr/app/workers/importr/worker.rb": [
        1,
        1,
        1,
        null,
        1,
        5,
        5,
        null,
        null,
        null
      ],
      "/Users/lporras/apps/Continnum/importr/lib/importr/notifier.rb": [
        null,
        1,
        1,
        null,
        1,
        15,
        15,
        null,
        null,
        null,
        null,
        null
      ]
    },
    "timestamp": 1384960473
  }
}
